This is pdfTeX, Version 3.141592653-2.6-1.40.24 (MiKTeX 22.3) (preloaded format=pdflatex 2022.5.15)  16 JUN 2022 10:47
entering extended mode
 restricted \write18 enabled.
 file:line:error style messages enabled.
 %&-line parsing enabled.
**c:/Users/alipa/Mega/Documents/Code/latex/BI_U2/L03_U2_Lipa_Calabilla/Informe.tex
(c:/Users/alipa/Mega/Documents/Code/latex/BI_U2/L03_U2_Lipa_Calabilla/Informe.tex
LaTeX2e <2021-11-15> patch level 1
L3 programming layer <2022-04-29> (C:\Users\alipa\AppData\Local\Programs\MiKTeX\tex/latex/base\article.cls
Document Class: article 2021/10/04 v1.4n Standard LaTeX document class
(C:\Users\alipa\AppData\Local\Programs\MiKTeX\tex/latex/base\size12.clo
File: size12.clo 2021/10/04 v1.4n Standard LaTeX file (size option)
)
\c@part=\count185
\c@section=\count186
\c@subsection=\count187
\c@subsubsection=\count188
\c@paragraph=\count189
\c@subparagraph=\count190
\c@figure=\count191
\c@table=\count192
\abovecaptionskip=\skip47
\belowcaptionskip=\skip48
\bibindent=\dimen138
) (C:\Users\alipa\AppData\Local\Programs\MiKTeX\tex/latex/base\inputenc.sty
Package: inputenc 2021/02/14 v1.3d Input encoding file
\inpenc@prehook=\toks16
\inpenc@posthook=\toks17
) (C:\Users\alipa\AppData\Local\Programs\MiKTeX\tex/generic/babel\babel.sty
Package: babel 2022/04/30 3.74 The Babel package
\babel@savecnt=\count193
\U@D=\dimen139
\l@unhyphenated=\language79
 (C:\Users\alipa\AppData\Local\Programs\MiKTeX\tex/generic/babel\txtbabel.def)
\bbl@readstream=\read2
\bbl@dirlevel=\count194

*************************************
* Local config file bblopts.cfg used
*
(C:\Users\alipa\AppData\Local\Programs\MiKTeX\tex/latex/arabi\bblopts.cfg
File: bblopts.cfg 2005/09/08 v0.1 add Arabic and Farsi to "declared" options of babel
) (C:\Users\alipa\AppData\Local\Programs\MiKTeX\tex/latex/babel-spanish\spanish.ldf
Language: spanish.ldf 2021/05/27 v5.0q Spanish support from the babel system
\es@quottoks=\toks18
\es@quotdepth=\count195
Package babel Info: Making " an active character on input line 570.
Package babel Info: Making . an active character on input line 675.
Package babel Info: Making < an active character on input line 722.
Package babel Info: Making > an active character on input line 722.
)) (C:\Users\alipa\AppData\Local\Programs\MiKTeX\tex/latex/graphics\graphicx.sty
Package: graphicx 2021/09/16 v1.2d Enhanced LaTeX Graphics (DPC,SPQR)
 (C:\Users\alipa\AppData\Local\Programs\MiKTeX\tex/latex/graphics\keyval.sty
Package: keyval 2014/10/28 v1.15 key=value parser (DPC)
\KV@toks@=\toks19
) (C:\Users\alipa\AppData\Local\Programs\MiKTeX\tex/latex/graphics\graphics.sty
Package: graphics 2021/03/04 v1.4d Standard LaTeX Graphics (DPC,SPQR)
 (C:\Users\alipa\AppData\Local\Programs\MiKTeX\tex/latex/graphics\trig.sty
Package: trig 2021/08/11 v1.11 sin cos tan (DPC)
) (C:\Users\alipa\AppData\Local\Programs\MiKTeX\tex/latex/graphics-cfg\graphics.cfg
File: graphics.cfg 2016/06/04 v1.11 sample graphics configuration
)
Package graphics Info: Driver file: pdftex.def on input line 107.
 (C:\Users\alipa\AppData\Local\Programs\MiKTeX\tex/latex/graphics-def\pdftex.def
File: pdftex.def 2020/10/05 v1.2a Graphics/color driver for pdftex
))
\Gin@req@height=\dimen140
\Gin@req@width=\dimen141
) (C:\Users\alipa\AppData\Local\Programs\MiKTeX\tex/latex/hyperref\hyperref.sty
Package: hyperref 2022-02-21 v7.00n Hypertext links for LaTeX
 (C:\Users\alipa\AppData\Local\Programs\MiKTeX\tex/generic/ltxcmds\ltxcmds.sty
Package: ltxcmds 2020-05-10 v1.25 LaTeX kernel commands for general use (HO)
) (C:\Users\alipa\AppData\Local\Programs\MiKTeX\tex/generic/iftex\iftex.sty
Package: iftex 2022/02/03 v1.0f TeX engine tests
) (C:\Users\alipa\AppData\Local\Programs\MiKTeX\tex/generic/pdftexcmds\pdftexcmds.sty
Package: pdftexcmds 2020-06-27 v0.33 Utility functions of pdfTeX for LuaTeX (HO)
 (C:\Users\alipa\AppData\Local\Programs\MiKTeX\tex/generic/infwarerr\infwarerr.sty
Package: infwarerr 2019/12/03 v1.5 Providing info/warning/error messages (HO)
)
Package pdftexcmds Info: \pdf@primitive is available.
Package pdftexcmds Info: \pdf@ifprimitive is available.
Package pdftexcmds Info: \pdfdraftmode found.
) (C:\Users\alipa\AppData\Local\Programs\MiKTeX\tex/generic/kvsetkeys\kvsetkeys.sty
Package: kvsetkeys 2019/12/15 v1.18 Key value parser (HO)
) (C:\Users\alipa\AppData\Local\Programs\MiKTeX\tex/generic/kvdefinekeys\kvdefinekeys.sty
Package: kvdefinekeys 2019-12-19 v1.6 Define keys (HO)
) (C:\Users\alipa\AppData\Local\Programs\MiKTeX\tex/generic/pdfescape\pdfescape.sty
Package: pdfescape 2019/12/09 v1.15 Implements pdfTeX's escape features (HO)
) (C:\Users\alipa\AppData\Local\Programs\MiKTeX\tex/latex/hycolor\hycolor.sty
Package: hycolor 2020-01-27 v1.10 Color options for hyperref/bookmark (HO)
) (C:\Users\alipa\AppData\Local\Programs\MiKTeX\tex/latex/letltxmacro\letltxmacro.sty
Package: letltxmacro 2019/12/03 v1.6 Let assignment for LaTeX macros (HO)
) (C:\Users\alipa\AppData\Local\Programs\MiKTeX\tex/latex/auxhook\auxhook.sty
Package: auxhook 2019-12-17 v1.6 Hooks for auxiliary files (HO)
) (C:\Users\alipa\AppData\Local\Programs\MiKTeX\tex/latex/kvoptions\kvoptions.sty
Package: kvoptions 2020-10-07 v3.14 Key value format for package options (HO)
)
\@linkdim=\dimen142
\Hy@linkcounter=\count196
\Hy@pagecounter=\count197
 (C:\Users\alipa\AppData\Local\Programs\MiKTeX\tex/latex/hyperref\pd1enc.def
File: pd1enc.def 2022-02-21 v7.00n Hyperref: PDFDocEncoding definition (HO)
Now handling font encoding PD1 ...
... no UTF-8 mapping file for font encoding PD1
) (C:\Users\alipa\AppData\Local\Programs\MiKTeX\tex/generic/intcalc\intcalc.sty
Package: intcalc 2019/12/15 v1.3 Expandable calculations with integers (HO)
) (C:\Users\alipa\AppData\Local\Programs\MiKTeX\tex/generic/etexcmds\etexcmds.sty
Package: etexcmds 2019/12/15 v1.7 Avoid name clashes with e-TeX commands (HO)
)
\Hy@SavedSpaceFactor=\count198
 (C:\Users\alipa\AppData\Local\Programs\MiKTeX\tex/latex/hyperref\puenc.def
File: puenc.def 2022-02-21 v7.00n Hyperref: PDF Unicode definition (HO)
Now handling font encoding PU ...
... no UTF-8 mapping file for font encoding PU
)
Package hyperref Info: Hyper figures OFF on input line 4137.
Package hyperref Info: Link nesting OFF on input line 4142.
Package hyperref Info: Hyper index ON on input line 4145.
Package hyperref Info: Plain pages OFF on input line 4152.
Package hyperref Info: Backreferencing OFF on input line 4157.
Package hyperref Info: Implicit mode ON; LaTeX internals redefined.
Package hyperref Info: Bookmarks ON on input line 4390.
\c@Hy@tempcnt=\count199
 (C:\Users\alipa\AppData\Local\Programs\MiKTeX\tex/latex/url\url.sty
\Urlmuskip=\muskip16
Package: url 2013/09/16  ver 3.4  Verb mode for urls, etc.
)
LaTeX Info: Redefining \url on input line 4749.
\XeTeXLinkMargin=\dimen143
 (C:\Users\alipa\AppData\Local\Programs\MiKTeX\tex/generic/bitset\bitset.sty
Package: bitset 2019/12/09 v1.3 Handle bit-vector datatype (HO)
 (C:\Users\alipa\AppData\Local\Programs\MiKTeX\tex/generic/bigintcalc\bigintcalc.sty
Package: bigintcalc 2019/12/15 v1.5 Expandable calculations on big integers (HO)
))
\Fld@menulength=\count266
\Field@Width=\dimen144
\Fld@charsize=\dimen145
Package hyperref Info: Hyper figures OFF on input line 6027.
Package hyperref Info: Link nesting OFF on input line 6032.
Package hyperref Info: Hyper index ON on input line 6035.
Package hyperref Info: backreferencing OFF on input line 6042.
Package hyperref Info: Link coloring OFF on input line 6047.
Package hyperref Info: Link coloring with OCG OFF on input line 6052.
Package hyperref Info: PDF/A mode OFF on input line 6057.
LaTeX Info: Redefining \ref on input line 6097.
LaTeX Info: Redefining \pageref on input line 6101.
 (C:\Users\alipa\AppData\Local\Programs\MiKTeX\tex/latex/base\atbegshi-ltx.sty
Package: atbegshi-ltx 2021/01/10 v1.0c Emulation of the original atbegshi
package with kernel methods
)
\Hy@abspage=\count267
\c@Item=\count268
\c@Hfootnote=\count269
)
Package hyperref Info: Driver (autodetected): hpdftex.
 (C:\Users\alipa\AppData\Local\Programs\MiKTeX\tex/latex/hyperref\hpdftex.def
File: hpdftex.def 2022-02-21 v7.00n Hyperref driver for pdfTeX
 (C:\Users\alipa\AppData\Local\Programs\MiKTeX\tex/latex/base\atveryend-ltx.sty
Package: atveryend-ltx 2020/08/19 v1.0a Emulation of the original atveryend package
with kernel methods
)
\Fld@listcount=\count270
\c@bookmark@seq@number=\count271
 (C:\Users\alipa\AppData\Local\Programs\MiKTeX\tex/latex/rerunfilecheck\rerunfilecheck.sty
Package: rerunfilecheck 2019/12/05 v1.9 Rerun checks for auxiliary files (HO)
 (C:\Users\alipa\AppData\Local\Programs\MiKTeX\tex/generic/uniquecounter\uniquecounter.sty
Package: uniquecounter 2019/12/15 v1.4 Provide unlimited unique counter (HO)
)
Package uniquecounter Info: New unique counter `rerunfilecheck' on input line 286.
)
\Hy@SectionHShift=\skip49
) (C:\Users\alipa\AppData\Local\Programs\MiKTeX\tex/latex/geometry\geometry.sty
Package: geometry 2020/01/02 v5.9 Page Geometry
 (C:\Users\alipa\AppData\Local\Programs\MiKTeX\tex/generic/iftex\ifvtex.sty
Package: ifvtex 2019/10/25 v1.7 ifvtex legacy package. Use iftex instead.
)
\Gm@cnth=\count272
\Gm@cntv=\count273
\c@Gm@tempcnt=\count274
\Gm@bindingoffset=\dimen146
\Gm@wd@mp=\dimen147
\Gm@odd@mp=\dimen148
\Gm@even@mp=\dimen149
\Gm@layoutwidth=\dimen150
\Gm@layoutheight=\dimen151
\Gm@layouthoffset=\dimen152
\Gm@layoutvoffset=\dimen153
\Gm@dimlist=\toks20
 (C:\Users\alipa\AppData\Local\Programs\MiKTeX\tex/latex/geometry\geometry.cfg)) (C:\Users\alipa\AppData\Local\Programs\MiKTeX\tex/latex/float\float.sty
Package: float 2001/11/08 v1.3d Float enhancements (AL)
\c@float@type=\count275
\float@exts=\toks21
\float@box=\box50
\@float@everytoks=\toks22
\@floatcapt=\box51
) (C:\Users\alipa\AppData\Local\Programs\MiKTeX\tex/latex/amsmath\amsmath.sty
Package: amsmath 2021/10/15 v2.17l AMS math features
\@mathmargin=\skip50

For additional information on amsmath, use the `?' option.
(C:\Users\alipa\AppData\Local\Programs\MiKTeX\tex/latex/amsmath\amstext.sty
Package: amstext 2021/08/26 v2.01 AMS text
 (C:\Users\alipa\AppData\Local\Programs\MiKTeX\tex/latex/amsmath\amsgen.sty
File: amsgen.sty 1999/11/30 v2.0 generic functions
\@emptytoks=\toks23
\ex@=\dimen154
)) (C:\Users\alipa\AppData\Local\Programs\MiKTeX\tex/latex/amsmath\amsbsy.sty
Package: amsbsy 1999/11/29 v1.2d Bold Symbols
\pmbraise@=\dimen155
) (C:\Users\alipa\AppData\Local\Programs\MiKTeX\tex/latex/amsmath\amsopn.sty
Package: amsopn 2021/08/26 v2.02 operator names
)
\inf@bad=\count276
LaTeX Info: Redefining \frac on input line 234.
\uproot@=\count277
\leftroot@=\count278
LaTeX Info: Redefining \overline on input line 399.
\classnum@=\count279
\DOTSCASE@=\count280
LaTeX Info: Redefining \ldots on input line 496.
LaTeX Info: Redefining \dots on input line 499.
LaTeX Info: Redefining \cdots on input line 620.
\Mathstrutbox@=\box52
\strutbox@=\box53
\big@size=\dimen156
LaTeX Font Info:    Redeclaring font encoding OML on input line 743.
LaTeX Font Info:    Redeclaring font encoding OMS on input line 744.
\macc@depth=\count281
\c@MaxMatrixCols=\count282
\dotsspace@=\muskip17
\c@parentequation=\count283
\dspbrk@lvl=\count284
\tag@help=\toks24
\row@=\count285
\column@=\count286
\maxfields@=\count287
\andhelp@=\toks25
\eqnshift@=\dimen157
\alignsep@=\dimen158
\tagshift@=\dimen159
\tagwidth@=\dimen160
\totwidth@=\dimen161
\lineht@=\dimen162
\@envbody=\toks26
\multlinegap=\skip51
\multlinetaggap=\skip52
\mathdisplay@stack=\toks27
LaTeX Info: Redefining \[ on input line 2938.
LaTeX Info: Redefining \] on input line 2939.
) (C:\Users\alipa\AppData\Local\Programs\MiKTeX\tex/latex/oberdiek\stackrel.sty
Package: stackrel 2016/05/16 v1.3 Adding subscript option to stackrel (HO)
) (C:\Users\alipa\AppData\Local\Programs\MiKTeX\tex/latex/tools\multicol.sty
Package: multicol 2021/10/28 v1.9b multicolumn formatting (FMi)
\c@tracingmulticols=\count288
\mult@box=\box54
\multicol@leftmargin=\dimen163
\c@unbalance=\count289
\c@collectmore=\count290
\doublecol@number=\count291
\multicoltolerance=\count292
\multicolpretolerance=\count293
\full@width=\dimen164
\page@free=\dimen165
\premulticols=\dimen166
\postmulticols=\dimen167
\multicolsep=\skip53
\multicolbaselineskip=\skip54
\partial@page=\box55
\last@line=\box56
\maxbalancingoverflow=\dimen168
\mult@rightbox=\box57
\mult@grightbox=\box58
\mult@firstbox=\box59
\mult@gfirstbox=\box60
\@tempa=\box61
\@tempa=\box62
\@tempa=\box63
\@tempa=\box64
\@tempa=\box65
\@tempa=\box66
\@tempa=\box67
\@tempa=\box68
\@tempa=\box69
\@tempa=\box70
\@tempa=\box71
\@tempa=\box72
\@tempa=\box73
\@tempa=\box74
\@tempa=\box75
\@tempa=\box76
\@tempa=\box77
\@tempa=\box78
\@tempa=\box79
\@tempa=\box80
\@tempa=\box81
\@tempa=\box82
\@tempa=\box83
\@tempa=\box84
\@tempa=\box85
\@tempa=\box86
\@tempa=\box87
\@tempa=\box88
\@tempa=\box89
\@tempa=\box90
\@tempa=\box91
\@tempa=\box92
\@tempa=\box93
\@tempa=\box94
\@tempa=\box95
\@tempa=\box96
\c@minrows=\count294
\c@columnbadness=\count295
\c@finalcolumnbadness=\count296
\last@try=\dimen169
\multicolovershoot=\dimen170
\multicolundershoot=\dimen171
\mult@nat@firstbox=\box97
\colbreak@box=\box98
\mc@col@check@num=\count297
) (C:\Users\alipa\AppData\Local\Programs\MiKTeX\tex/latex/multirow\multirow.sty
Package: multirow 2021/03/15 v2.8 Span multiple rows of a table
\multirow@colwidth=\skip55
\multirow@cntb=\count298
\multirow@dima=\skip56
\bigstrutjot=\dimen172
) (C:\Users\alipa\AppData\Local\Programs\MiKTeX\tex/latex/fancyhdr\fancyhdr.sty
Package: fancyhdr 2021/01/28 v4.0.1 Extensive control of page headers and footers
\f@nch@headwidth=\skip57
\f@nch@O@elh=\skip58
\f@nch@O@erh=\skip59
\f@nch@O@olh=\skip60
\f@nch@O@orh=\skip61
\f@nch@O@elf=\skip62
\f@nch@O@erf=\skip63
\f@nch@O@olf=\skip64
\f@nch@O@orf=\skip65
) (C:\Users\alipa\AppData\Local\Programs\MiKTeX\tex/latex/xcolor\xcolor.sty
Package: xcolor 2021/10/31 v2.13 LaTeX color extensions (UK)
 (C:\Users\alipa\AppData\Local\Programs\MiKTeX\tex/latex/graphics-cfg\color.cfg
File: color.cfg 2016/01/02 v1.6 sample color configuration
)
Package xcolor Info: Package option `usenames' ignored on input line 218.
Package xcolor Info: Driver file: pdftex.def on input line 227.
 (C:\Users\alipa\AppData\Local\Programs\MiKTeX\tex/latex/colortbl\colortbl.sty
Package: colortbl 2020/01/04 v1.0e Color table columns (DPC)
 (C:\Users\alipa\AppData\Local\Programs\MiKTeX\tex/latex/tools\array.sty
Package: array 2021/10/04 v2.5f Tabular extension package (FMi)
\col@sep=\dimen173
\ar@mcellbox=\box99
\extrarowheight=\dimen174
\NC@list=\toks28
\extratabsurround=\skip66
\backup@length=\skip67
\ar@cellbox=\box100
)
\everycr=\toks29
\minrowclearance=\skip68
)
\rownum=\count299
Package xcolor Info: Model `cmy' substituted by `cmy0' on input line 1352.
Package xcolor Info: Model `hsb' substituted by `rgb' on input line 1356.
Package xcolor Info: Model `RGB' extended on input line 1368.
Package xcolor Info: Model `HTML' substituted by `rgb' on input line 1370.
Package xcolor Info: Model `Hsb' substituted by `hsb' on input line 1371.
Package xcolor Info: Model `tHsb' substituted by `hsb' on input line 1372.
Package xcolor Info: Model `HSB' substituted by `hsb' on input line 1373.
Package xcolor Info: Model `Gray' substituted by `gray' on input line 1374.
Package xcolor Info: Model `wave' substituted by `hsb' on input line 1375.
 (C:\Users\alipa\AppData\Local\Programs\MiKTeX\tex/latex/graphics\dvipsnam.def
File: dvipsnam.def 2016/06/17 v3.0m Driver-dependent file (DPC,SPQR)
) (C:\Users\alipa\AppData\Local\Programs\MiKTeX\tex/latex/xcolor\svgnam.def
File: svgnam.def 2021/10/31 v2.13 Predefined colors according to SVG 1.1 (UK)
)) (C:\Users\alipa\AppData\Local\Programs\MiKTeX\tex/latex/ragged2e\ragged2e.sty
Package: ragged2e 2021/12/15 v3.1 ragged2e Package


LaTeX Warning: Command \@arrayparboxrestore  has changed.
               Check if current package is valid.

(C:\Users\alipa\AppData\Local\Programs\MiKTeX\tex/latex/footmisc\footmisc.sty
Package: footmisc 2022/03/08 v6.0d a miscellany of footnote facilities
\FN@temptoken=\toks30
\footnotemargin=\dimen175
\@outputbox@depth=\dimen176
Package footmisc Info: Declaring symbol style bringhurst on input line 695.
Package footmisc Info: Declaring symbol style chicago on input line 703.
Package footmisc Info: Declaring symbol style wiley on input line 712.
Package footmisc Info: Declaring symbol style lamport-robust on input line 723.
Package footmisc Info: Declaring symbol style lamport* on input line 743.
Package footmisc Info: Declaring symbol style lamport*-robust on input line 764.
)
\CenteringLeftskip=\skip69
\RaggedLeftLeftskip=\skip70
\RaggedRightLeftskip=\skip71
\CenteringRightskip=\skip72
\RaggedLeftRightskip=\skip73
\RaggedRightRightskip=\skip74
\CenteringParfillskip=\skip75
\RaggedLeftParfillskip=\skip76
\RaggedRightParfillskip=\skip77
\JustifyingParfillskip=\skip78
\CenteringParindent=\skip79
\RaggedLeftParindent=\skip80
\RaggedRightParindent=\skip81
\JustifyingParindent=\skip82
) (C:\Users\alipa\AppData\Local\Programs\MiKTeX\tex/latex/tools\enumerate.sty
Package: enumerate 2015/07/23 v3.00 enumerate extensions (DPC)
\@enLab=\toks31
) (C:\Users\alipa\AppData\Local\Programs\MiKTeX\tex/latex/psnfss\helvet.sty
Package: helvet 2020/03/25 PSNFSS-v9.3 (WaS) 
)
LaTeX Font Info:    Trying to load font information for OT1+phv on input line 35.
 (C:\Users\alipa\AppData\Local\Programs\MiKTeX\tex/latex/psnfss\ot1phv.fd
File: ot1phv.fd 2020/03/25 scalable font definitions for OT1/phv.
) (C:\Users\alipa\AppData\Local\Programs\MiKTeX\tex/latex/l3backend\l3backend-pdftex.def
File: l3backend-pdftex.def 2022-04-20 L3 backend support: PDF output (pdfTeX)
\l__color_backend_stack_int=\count300
\l__pdf_internal_box=\box101
) (c:\Users\alipa\Mega\Documents\Code\latex\BI_U2\L03_U2_Lipa_Calabilla\output\Informe.aux
LaTeX Info: Redefining \. on input line 25.
LaTeX Info: Redefining \% on input line 25.
 (c:\Users\alipa\Mega\Documents\Code\latex\BI_U2\L03_U2_Lipa_Calabilla\output\Secciones/articulo.aux))
\openout1 = `Informe.aux'.

LaTeX Font Info:    Checking defaults for OML/cmm/m/it on input line 35.
LaTeX Font Info:    ... okay on input line 35.
LaTeX Font Info:    Checking defaults for OMS/cmsy/m/n on input line 35.
LaTeX Font Info:    ... okay on input line 35.
LaTeX Font Info:    Checking defaults for OT1/cmr/m/n on input line 35.
LaTeX Font Info:    ... okay on input line 35.
LaTeX Font Info:    Checking defaults for T1/cmr/m/n on input line 35.
LaTeX Font Info:    ... okay on input line 35.
LaTeX Font Info:    Checking defaults for TS1/cmr/m/n on input line 35.
LaTeX Font Info:    ... okay on input line 35.
LaTeX Font Info:    Checking defaults for OMX/cmex/m/n on input line 35.
LaTeX Font Info:    ... okay on input line 35.
LaTeX Font Info:    Checking defaults for U/cmr/m/n on input line 35.
LaTeX Font Info:    ... okay on input line 35.
LaTeX Font Info:    Checking defaults for PD1/pdf/m/n on input line 35.
LaTeX Font Info:    ... okay on input line 35.
LaTeX Font Info:    Checking defaults for PU/pdf/m/n on input line 35.
LaTeX Font Info:    ... okay on input line 35.
LaTeX Info: Redefining \. on input line 35.
LaTeX Info: Redefining \% on input line 35.
 (C:\Users\alipa\AppData\Local\Programs\MiKTeX\tex/context/base/mkii\supp-pdf.mkii
[Loading MPS to PDF converter (version 2006.09.02).]
\scratchcounter=\count301
\scratchdimen=\dimen177
\scratchbox=\box102
\nofMPsegments=\count302
\nofMParguments=\count303
\everyMPshowfont=\toks32
\MPscratchCnt=\count304
\MPscratchDim=\dimen178
\MPnumerator=\count305
\makeMPintoPDFobject=\count306
\everyMPtoPDFconversion=\toks33
) (C:\Users\alipa\AppData\Local\Programs\MiKTeX\tex/latex/epstopdf-pkg\epstopdf-base.sty
Package: epstopdf-base 2020-01-24 v2.11 Base part for package epstopdf
Package epstopdf-base Info: Redefining graphics rule for `.eps' on input line 485.
 (C:\Users\alipa\AppData\Local\Programs\MiKTeX\tex/latex/00miktex\epstopdf-sys.cfg
File: epstopdf-sys.cfg 2021/03/18 v2.0 Configuration of epstopdf for MiKTeX
))
Package hyperref Info: Link coloring OFF on input line 35.
 (C:\Users\alipa\AppData\Local\Programs\MiKTeX\tex/latex/hyperref\nameref.sty
Package: nameref 2021-04-02 v2.47 Cross-referencing by name of section
 (C:\Users\alipa\AppData\Local\Programs\MiKTeX\tex/latex/refcount\refcount.sty
Package: refcount 2019/12/15 v3.6 Data extraction from label references (HO)
) (C:\Users\alipa\AppData\Local\Programs\MiKTeX\tex/generic/gettitlestring\gettitlestring.sty
Package: gettitlestring 2019/12/15 v1.6 Cleanup title references (HO)
)
\c@section@level=\count307
)
LaTeX Info: Redefining \ref on input line 35.
LaTeX Info: Redefining \pageref on input line 35.
LaTeX Info: Redefining \nameref on input line 35.
 (c:\Users\alipa\Mega\Documents\Code\latex\BI_U2\L03_U2_Lipa_Calabilla\output\Informe.out) (c:\Users\alipa\Mega\Documents\Code\latex\BI_U2\L03_U2_Lipa_Calabilla\output\Informe.out)
\@outlinefile=\write3
\openout3 = `Informe.out'.


*geometry* driver: auto-detecting
*geometry* detected driver: pdftex
*geometry* verbose mode - [ preamble ] result:
* driver: pdftex
* paper: letterpaper
* layout: <same size as paper>
* layoutoffset:(h,v)=(0.0pt,0.0pt)
* modes: 
* h-part:(L,W,R)=(56.9055pt, 500.484pt, 56.9055pt)
* v-part:(T,H,B)=(71.13188pt, 666.9326pt, 56.9055pt)
* \paperwidth=614.295pt
* \paperheight=794.96999pt
* \textwidth=500.484pt
* \textheight=666.9326pt
* \oddsidemargin=-15.36449pt
* \evensidemargin=-15.36449pt
* \topmargin=-38.1381pt
* \headheight=12.0pt
* \headsep=25.0pt
* \topskip=12.0pt
* \footskip=30.0pt
* \marginparwidth=44.0pt
* \marginparsep=10.0pt
* \columnsep=10.0pt
* \skip\footins=10.8pt plus 4.0pt minus 2.0pt
* \hoffset=0.0pt
* \voffset=0.0pt
* \mag=1000
* \@twocolumnfalse
* \@twosidefalse
* \@mparswitchfalse
* \@reversemarginfalse
* (1in=72.27pt=25.4mm, 1cm=28.453pt)

Package ragged2e Info: ABD: executing \RaggedRight on input line 35.
<./img/logo.png, id=39, 70.6275pt x 95.265pt>
File: ./img/logo.png Graphic file (type png)
<use ./img/logo.png>
Package pdftex.def Info: ./img/logo.png  used on input line 40.
(pdftex.def)             Requested size: 99.58464pt x 134.32655pt.
[1

{C:/Users/alipa/AppData/Local/MiKTeX/fonts/map/pdftex/pdftex.map} <./img/logo.png>]
\openout2 = `Secciones/articulo.aux'.


No file Secciones/articulo.tex.
(c:\Users\alipa\Mega\Documents\Code\latex\BI_U2\L03_U2_Lipa_Calabilla\output\Informe.toc
LaTeX Info: Redefining \. on input line 1.
LaTeX Info: Redefining \% on input line 1.
)
\tf@toc=\write4
\openout4 = `Informe.toc'.

File: ./img/logo.png Graphic file (type png)
<use ./img/logo.png>
Package pdftex.def Info: ./img/logo.png  used on input line 97.
(pdftex.def)             Requested size: 28.45274pt x 38.37714pt.


Package fancyhdr Warning: \headheight is too small (12.0pt): 
(fancyhdr)                Make it at least 24.54048pt, for example:
(fancyhdr)                \setlength{\headheight}{24.54048pt}.
(fancyhdr)                You might also make \topmargin smaller to compensate:
(fancyhdr)                \addtolength{\topmargin}{-12.54048pt}.


pdfTeX warning (ext4): destination with the same identifier (name{page.1}) has been already used, duplicate ignored
<to be read again> 
                   \relax 
l.97 \newpage
              [1



]
File: ./img/logo.png Graphic file (type png)
<use ./img/logo.png>
Package pdftex.def Info: ./img/logo.png  used on input line 131.
(pdftex.def)             Requested size: 28.45274pt x 38.37714pt.


Package fancyhdr Warning: \headheight is too small (12.0pt): 
(fancyhdr)                Make it at least 24.54048pt, for example:
(fancyhdr)                \setlength{\headheight}{24.54048pt}.
(fancyhdr)                You might also make \topmargin smaller to compensate:
(fancyhdr)                \addtolength{\topmargin}{-12.54048pt}.

[2]
<./img/img1.png, id=68, 310.15875pt x 121.05225pt>
File: ./img/img1.png Graphic file (type png)
<use ./img/img1.png>
Package pdftex.def Info: ./img/img1.png  used on input line 137.
(pdftex.def)             Requested size: 369.88582pt x 144.36241pt.
<./img/img2.png, id=69, 213.79875pt x 78.89474pt>
File: ./img/img2.png Graphic file (type png)
<use ./img/img2.png>
Package pdftex.def Info: ./img/img2.png  used on input line 146.
(pdftex.def)             Requested size: 227.62204pt x 83.99518pt.
<./img/img3.png, id=70, 348.70274pt x 149.96025pt>
File: ./img/img3.png Graphic file (type png)
<use ./img/img3.png>
Package pdftex.def Info: ./img/img3.png  used on input line 152.
(pdftex.def)             Requested size: 369.88582pt x 159.07608pt.
<./img/img4.png, id=71, 482.40225pt x 467.94826pt>
File: ./img/img4.png Graphic file (type png)
<use ./img/img4.png>
Package pdftex.def Info: ./img/img4.png  used on input line 158.
(pdftex.def)             Requested size: 369.88582pt x 358.82181pt.
File: ./img/logo.png Graphic file (type png)
<use ./img/logo.png>
Package pdftex.def Info: ./img/logo.png  used on input line 159.
(pdftex.def)             Requested size: 28.45274pt x 38.37714pt.


Package fancyhdr Warning: \headheight is too small (12.0pt): 
(fancyhdr)                Make it at least 24.54048pt, for example:
(fancyhdr)                \setlength{\headheight}{24.54048pt}.
(fancyhdr)                You might also make \topmargin smaller to compensate:
(fancyhdr)                \addtolength{\topmargin}{-12.54048pt}.

[3 <./img/img1.png> <./img/img2.png> <./img/img3.png>]
<./img/img5.png, id=79, 72.27pt x 27.7035pt>
File: ./img/img5.png Graphic file (type png)
<use ./img/img5.png>
Package pdftex.def Info: ./img/img5.png  used on input line 164.
(pdftex.def)             Requested size: 142.26378pt x 54.5373pt.
<./img/img6.png, id=80, 248.72925pt x 96.96225pt>
File: ./img/img6.png Graphic file (type png)
<use ./img/img6.png>
Package pdftex.def Info: ./img/img6.png  used on input line 172.
(pdftex.def)             Requested size: 284.52756pt x 110.9213pt.
File: ./img/logo.png Graphic file (type png)
<use ./img/logo.png>
Package pdftex.def Info: ./img/logo.png  used on input line 173.
(pdftex.def)             Requested size: 28.45274pt x 38.37714pt.


Package fancyhdr Warning: \headheight is too small (12.0pt): 
(fancyhdr)                Make it at least 24.54048pt, for example:
(fancyhdr)                \setlength{\headheight}{24.54048pt}.
(fancyhdr)                You might also make \topmargin smaller to compensate:
(fancyhdr)                \addtolength{\topmargin}{-12.54048pt}.

[4 <./img/img4.png> <./img/img5.png>]
<./img/img7.png, id=87, 301.72725pt x 74.07675pt>
File: ./img/img7.png Graphic file (type png)
<use ./img/img7.png>
Package pdftex.def Info: ./img/img7.png  used on input line 178.
(pdftex.def)             Requested size: 369.88582pt x 90.81206pt.
<./img/img8.png, id=88, 78.89474pt x 26.499pt>
File: ./img/img8.png Graphic file (type png)
<use ./img/img8.png>
Package pdftex.def Info: ./img/img8.png  used on input line 184.
(pdftex.def)             Requested size: 142.26378pt x 47.78546pt.
<./img/img9.png, id=89, 340.27126pt x 201.75375pt>
File: ./img/img9.png Graphic file (type png)
<use ./img/img9.png>
Package pdftex.def Info: ./img/img9.png  used on input line 190.
(pdftex.def)             Requested size: 369.88582pt x 219.32538pt.
<./img/img10.png, id=90, 69.861pt x 25.89674pt>
File: ./img/img10.png Graphic file (type png)
<use ./img/img10.png>
Package pdftex.def Info: ./img/img10.png  used on input line 196.
(pdftex.def)             Requested size: 142.26378pt x 52.73656pt.
File: ./img/logo.png Graphic file (type png)
<use ./img/logo.png>
Package pdftex.def Info: ./img/logo.png  used on input line 201.
(pdftex.def)             Requested size: 28.45274pt x 38.37714pt.


Package fancyhdr Warning: \headheight is too small (12.0pt): 
(fancyhdr)                Make it at least 24.54048pt, for example:
(fancyhdr)                \setlength{\headheight}{24.54048pt}.
(fancyhdr)                You might also make \topmargin smaller to compensate:
(fancyhdr)                \addtolength{\topmargin}{-12.54048pt}.

[5 <./img/img6.png> <./img/img7.png> <./img/img8.png> <./img/img9.png>]
<./img/img11.png, id=99, 277.63725pt x 299.31825pt>
File: ./img/img11.png Graphic file (type png)
<use ./img/img11.png>
Package pdftex.def Info: ./img/img11.png  used on input line 202.
(pdftex.def)             Requested size: 284.52756pt x 306.75752pt.
<./img/img12.png, id=100, 180.675pt x 114.4275pt>
File: ./img/img12.png Graphic file (type png)
<use ./img/img12.png>
Package pdftex.def Info: ./img/img12.png  used on input line 210.
(pdftex.def)             Requested size: 227.62204pt x 144.16194pt.
File: ./img/logo.png Graphic file (type png)
<use ./img/logo.png>
Package pdftex.def Info: ./img/logo.png  used on input line 221.
(pdftex.def)             Requested size: 28.45274pt x 38.37714pt.


Package fancyhdr Warning: \headheight is too small (12.0pt): 
(fancyhdr)                Make it at least 24.54048pt, for example:
(fancyhdr)                \setlength{\headheight}{24.54048pt}.
(fancyhdr)                You might also make \topmargin smaller to compensate:
(fancyhdr)                \addtolength{\topmargin}{-12.54048pt}.

[6 <./img/img10.png> <./img/img11.png> <./img/img12.png>]
<./img/img13.png, id=109, 136.1085pt x 104.7915pt>
File: ./img/img13.png Graphic file (type png)
<use ./img/img13.png>
Package pdftex.def Info: ./img/img13.png  used on input line 224.
(pdftex.def)             Requested size: 227.62204pt x 175.26662pt.
<./img/img14.png, id=110, 106.59825pt x 54.2025pt>
File: ./img/img14.png Graphic file (type png)
<use ./img/img14.png>
Package pdftex.def Info: ./img/img14.png  used on input line 230.
(pdftex.def)             Requested size: 227.62204pt x 115.74406pt.
<./img/img15.png, id=111, 115.02975pt x 92.14426pt>
File: ./img/img15.png Graphic file (type png)
<use ./img/img15.png>
Package pdftex.def Info: ./img/img15.png  used on input line 236.
(pdftex.def)             Requested size: 170.71652pt x 136.76782pt.
<./img/img16.png, id=112, 103.587pt x 79.497pt>
File: ./img/img16.png Graphic file (type png)
<use ./img/img16.png>
Package pdftex.def Info: ./img/img16.png  used on input line 243.
(pdftex.def)             Requested size: 170.71652pt x 131.02487pt.
File: ./img/logo.png Graphic file (type png)
<use ./img/logo.png>
Package pdftex.def Info: ./img/logo.png  used on input line 244.
(pdftex.def)             Requested size: 28.45274pt x 38.37714pt.


Package fancyhdr Warning: \headheight is too small (12.0pt): 
(fancyhdr)                Make it at least 24.54048pt, for example:
(fancyhdr)                \setlength{\headheight}{24.54048pt}.
(fancyhdr)                You might also make \topmargin smaller to compensate:
(fancyhdr)                \addtolength{\topmargin}{-12.54048pt}.

[7 <./img/img13.png> <./img/img14.png> <./img/img15.png>]
<./img/img17.png, id=120, 102.98476pt x 83.71275pt>
File: ./img/img17.png Graphic file (type png)
<use ./img/img17.png>
Package pdftex.def Info: ./img/img17.png  used on input line 249.
(pdftex.def)             Requested size: 199.16928pt x 161.89796pt.
<./img/img18.png, id=121, 207.77625pt x 95.75775pt>
File: ./img/img18.png Graphic file (type png)
<use ./img/img18.png>
Package pdftex.def Info: ./img/img18.png  used on input line 257.
(pdftex.def)             Requested size: 284.52756pt x 131.14494pt.
<./img/img19.png, id=122, 282.45525pt x 89.133pt>
File: ./img/img19.png Graphic file (type png)
<use ./img/img19.png>
Package pdftex.def Info: ./img/img19.png  used on input line 263.
(pdftex.def)             Requested size: 284.52756pt x 89.79103pt.
File: ./img/logo.png Graphic file (type png)
<use ./img/logo.png>
Package pdftex.def Info: ./img/logo.png  used on input line 264.
(pdftex.def)             Requested size: 28.45274pt x 38.37714pt.


Package fancyhdr Warning: \headheight is too small (12.0pt): 
(fancyhdr)                Make it at least 24.54048pt, for example:
(fancyhdr)                \setlength{\headheight}{24.54048pt}.
(fancyhdr)                You might also make \topmargin smaller to compensate:
(fancyhdr)                \addtolength{\topmargin}{-12.54048pt}.

[8 <./img/img16.png> <./img/img17.png> <./img/img18.png>]
<./img/img20.png, id=130, 701.019pt x 184.2885pt>
File: ./img/img20.png Graphic file (type png)
<use ./img/img20.png>
Package pdftex.def Info: ./img/img20.png  used on input line 269.
(pdftex.def)             Requested size: 227.62204pt x 59.8368pt.
<./img/img21.png, id=131, 337.26pt x 142.73325pt>
File: ./img/img21.png Graphic file (type png)
<use ./img/img21.png>
Package pdftex.def Info: ./img/img21.png  used on input line 275.
(pdftex.def)             Requested size: 227.62204pt x 96.33423pt.
<./img/img22.png, id=132, 610.6815pt x 272.217pt>
File: ./img/img22.png Graphic file (type png)
<use ./img/img22.png>
Package pdftex.def Info: ./img/img22.png  used on input line 281.
(pdftex.def)             Requested size: 227.62204pt x 101.4622pt.
File: ./img/logo.png Graphic file (type png)
<use ./img/logo.png>
Package pdftex.def Info: ./img/logo.png  used on input line 284.
(pdftex.def)             Requested size: 28.45274pt x 38.37714pt.


Package fancyhdr Warning: \headheight is too small (12.0pt): 
(fancyhdr)                Make it at least 24.54048pt, for example:
(fancyhdr)                \setlength{\headheight}{24.54048pt}.
(fancyhdr)                You might also make \topmargin smaller to compensate:
(fancyhdr)                \addtolength{\topmargin}{-12.54048pt}.

[9 <./img/img19.png> <./img/img20.png> <./img/img21.png> <./img/img22.png>]
File: ./img/logo.png Graphic file (type png)
<use ./img/logo.png>
Package pdftex.def Info: ./img/logo.png  used on input line 290.
(pdftex.def)             Requested size: 28.45274pt x 38.37714pt.


Package fancyhdr Warning: \headheight is too small (12.0pt): 
(fancyhdr)                Make it at least 24.54048pt, for example:
(fancyhdr)                \setlength{\headheight}{24.54048pt}.
(fancyhdr)                You might also make \topmargin smaller to compensate:
(fancyhdr)                \addtolength{\topmargin}{-12.54048pt}.

[10] (c:\Users\alipa\Mega\Documents\Code\latex\BI_U2\L03_U2_Lipa_Calabilla\output\Informe.aux
LaTeX Info: Redefining \. on input line 25.
LaTeX Info: Redefining \% on input line 25.
 (c:\Users\alipa\Mega\Documents\Code\latex\BI_U2\L03_U2_Lipa_Calabilla\output\Secciones/articulo.aux))
Package rerunfilecheck Info: File `Informe.out' has not changed.
(rerunfilecheck)             Checksum: AD36749343B9250906A78A9FDEECD560;1343.
 ) 
Here is how much of TeX's memory you used:
 12459 strings out of 478619
 201535 string characters out of 2843245
 520472 words of memory out of 3000000
 30376 multiletter control sequences out of 15000+600000
 483933 words of font info for 54 fonts, out of 8000000 for 9000
 1141 hyphenation exceptions out of 8191
 60i,18n,63p,378b,434s stack positions out of 10000i,1000n,20000p,200000b,80000s
{C:/Users/alipa/AppData/Local/Programs/MiKTeX/fonts/enc/dvips/base/8r.enc}<C:/Users/alipa/AppData/Local/Programs/MiKTeX/fonts/type1/public/amsfonts/cm/cmr12.pfb><C:/Users/alipa/AppData/Local/Programs/MiKTeX/fonts/type1/public/amsfonts/cm/cmsy10.pfb><C:/Users/alipa/AppData/Local/Programs/MiKTeX/fonts/type1/urw/helvetic/uhvb8a.pfb><C:/Users/alipa/AppData/Local/Programs/MiKTeX/fonts/type1/urw/helvetic/uhvr8a.pfb>
Output written on c:\Users\alipa\Mega\Documents\Code\latex\BI_U2\L03_U2_Lipa_Calabilla\output\Informe.pdf (11 pages, 324121 bytes).
PDF statistics:
 171 PDF objects out of 1000 (max. 8388607)
 21 named destinations out of 1000 (max. 500000)
 188 words of extra memory for PDF output out of 10000 (max. 10000000)

